2026-04-20 15:13:38 [scrapy.middleware] INFO: Enabled downloader middlewares:
['scrapy.downloadermiddlewares.offsite.OffsiteMiddleware',
 'scrapy.downloadermiddlewares.robotstxt.RobotsTxtMiddleware',
 'scrapy.downloadermiddlewares.httpauth.HttpAuthMiddleware',
 'scrapy.downloadermiddlewares.downloadtimeout.DownloadTimeoutMiddleware',
 'scrapy.downloadermiddlewares.defaultheaders.DefaultHeadersMiddleware',
 'NodeScrapy.middlewares.RandomUserAgentMiddleware',
 'scrapy.downloadermiddlewares.useragent.UserAgentMiddleware',
 'scrapy.downloadermiddlewares.retry.RetryMiddleware',
 'scrapy.downloadermiddlewares.redirect.MetaRefreshMiddleware',
 'scrapy.downloadermiddlewares.httpcompression.HttpCompressionMiddleware',
 'scrapy.downloadermiddlewares.redirect.RedirectMiddleware',
 'scrapy.downloadermiddlewares.cookies.CookiesMiddleware',
 'scrapy.downloadermiddlewares.httpproxy.HttpProxyMiddleware',
 'scrapy.downloadermiddlewares.stats.DownloaderStats']
2026-04-20 15:13:38 [py.warnings] WARNING: /opt/hostedtoolcache/Python/3.11.15/x64/lib/python3.11/site-packages/scrapy/core/downloader/middleware.py:44: ScrapyDeprecationWarning: RandomUserAgentMiddleware.process_request() requires a spider argument, this is deprecated and the argument will not be passed in future Scrapy versions. If you need to access the spider instance you can save the crawler instance passed to from_crawler() and use its spider attribute.
  self._check_mw_method_spider_arg(mw.process_request)

2026-04-20 15:13:38 [scrapy.middleware] INFO: Enabled spider middlewares:
['scrapy.spidermiddlewares.start.StartSpiderMiddleware',
 'scrapy.spidermiddlewares.httperror.HttpErrorMiddleware',
 'scrapy.spidermiddlewares.referer.RefererMiddleware',
 'scrapy.spidermiddlewares.urllength.UrlLengthMiddleware',
 'scrapy.spidermiddlewares.depth.DepthMiddleware']
2026-04-20 15:13:38 [scrapy.middleware] INFO: Enabled item pipelines:
['NodeScrapy.pipelines.Pipeline']
2026-04-20 15:13:38 [py.warnings] WARNING: /opt/hostedtoolcache/Python/3.11.15/x64/lib/python3.11/site-packages/scrapy/pipelines/__init__.py:41: ScrapyDeprecationWarning: Pipeline.open_spider() requires a spider argument, this is deprecated and the argument will not be passed in future Scrapy versions. If you need to access the spider instance you can save the crawler instance passed to from_crawler() and use its spider attribute.
  self._check_mw_method_spider_arg(pipe.open_spider)

2026-04-20 15:13:38 [py.warnings] WARNING: /opt/hostedtoolcache/Python/3.11.15/x64/lib/python3.11/site-packages/scrapy/pipelines/__init__.py:44: ScrapyDeprecationWarning: Pipeline.close_spider() requires a spider argument, this is deprecated and the argument will not be passed in future Scrapy versions. If you need to access the spider instance you can save the crawler instance passed to from_crawler() and use its spider attribute.
  self._check_mw_method_spider_arg(pipe.close_spider)

2026-04-20 15:13:38 [py.warnings] WARNING: /opt/hostedtoolcache/Python/3.11.15/x64/lib/python3.11/site-packages/scrapy/pipelines/__init__.py:47: ScrapyDeprecationWarning: Pipeline.process_item() requires a spider argument, this is deprecated and the argument will not be passed in future Scrapy versions. If you need to access the spider instance you can save the crawler instance passed to from_crawler() and use its spider attribute.
  self._check_mw_method_spider_arg(pipe.process_item)

2026-04-20 15:13:38 [scrapy.core.engine] INFO: Spider opened
2026-04-20 15:13:38 [py.warnings] WARNING: /opt/hostedtoolcache/Python/3.11.15/x64/lib/python3.11/site-packages/scrapy/core/spidermw.py:452: ScrapyDeprecationWarning: NodeScrapy.spiders.SimpleSpider.SimpleSpider defines the deprecated start_requests() method. start_requests() has been deprecated in favor of a new method, start(), to support asynchronous code execution. start_requests() will stop being called in a future version of Scrapy. If you use Scrapy 2.13 or higher only, replace start_requests() with start(); note that start() is a coroutine (async def). If you need to maintain compatibility with lower Scrapy versions, when overriding start_requests() in a spider class, override start() as well; you can use super() to reuse the inherited start() implementation without copy-pasting. See the release notes of Scrapy 2.13 for details: https://docs.scrapy.org/en/2.13/news.html
  self._check_deprecated_start_requests_use()

2026-04-20 15:13:38 [scrapy.extensions.logstats] INFO: Crawled 0 pages (at 0 pages/min), scraped 0 items (at 0 items/min)
2026-04-20 15:13:38 [scrapy.extensions.telnet] INFO: Telnet console listening on 127.0.0.1:6023
2026-04-20 15:13:38 [simple] INFO: clashmeta start
2026-04-20 15:13:38 [simple] INFO: ndnode start
2026-04-20 15:13:38 [simple] INFO: nodev2ray start
2026-04-20 15:13:38 [simple] INFO: nodefree start
2026-04-20 15:13:38 [simple] INFO: v2rayshare start
2026-04-20 15:13:38 [simple] INFO: wenode start
2026-04-20 15:13:38 [scrapy.core.downloader.tls] WARNING: Remote certificate is not valid for hostname "wenode.cc"; VerificationError(errors=[DNSMismatch(mismatched_id=DNS_ID(hostname=b'wenode.cc'))])
2026-04-20 15:13:38 [scrapy.core.downloader.tls] WARNING: Remote certificate is not valid for hostname "clash-meta.github.io"; VerificationError(errors=[DNSMismatch(mismatched_id=DNS_ID(hostname=b'clash-meta.github.io'))])
2026-04-20 15:13:38 [scrapy.core.downloader.tls] WARNING: Remote certificate is not valid for hostname "clash-meta.github.io"; VerificationError(errors=[DNSMismatch(mismatched_id=DNS_ID(hostname=b'clash-meta.github.io'))])
2026-04-20 15:13:38 [scrapy.core.downloader.tls] WARNING: Remote certificate is not valid for hostname "clash-meta.github.io"; VerificationError(errors=[DNSMismatch(mismatched_id=DNS_ID(hostname=b'clash-meta.github.io'))])
2026-04-20 15:13:38 [simple] INFO: clashmeta found /free-nodes/2026-4-20-clash-meta-github.htm on 2026-04-20
2026-04-20 15:13:38 [simple] INFO: clashmeta found /free-nodes/2026-4-20-clash-meta-github.htm on 2026-04-20
2026-04-20 15:13:38 [simple] INFO: clashmeta found /free-nodes/2026-4-19-clash-meta-github.htm on 2026-04-19
2026-04-20 15:13:38 [simple] INFO: clashmeta found /free-nodes/2026-4-19-clash-meta-github.htm on 2026-04-19
2026-04-20 15:13:38 [simple] INFO: clashmeta found /free-nodes/2026-4-18-clash-meta-github.htm on 2026-04-18
2026-04-20 15:13:38 [simple] INFO: clashmeta found /free-nodes/2026-4-18-clash-meta-github.htm on 2026-04-18
2026-04-20 15:13:38 [simple] INFO: clashmeta found /free-nodes/2026-4-17-today-clash-meta-node.htm on 2026-04-17
2026-04-20 15:13:38 [simple] INFO: clashmeta found /free-nodes/2026-4-17-today-clash-meta-node.htm on 2026-04-17
2026-04-20 15:13:38 [simple] INFO: clashmeta found /free-nodes/2026-4-16-free-subscribe-node.htm on 2026-04-16
2026-04-20 15:13:38 [simple] INFO: clashmeta found /free-nodes/2026-4-16-free-subscribe-node.htm on 2026-04-16
2026-04-20 15:13:38 [simple] INFO: clashmeta found /free-nodes/2026-4-15-node-share-links.htm on 2026-04-15
2026-04-20 15:13:38 [simple] INFO: clashmeta found /free-nodes/2026-4-15-node-share-links.htm on 2026-04-15
2026-04-20 15:13:38 [simple] INFO: clashmeta found /free-nodes/2026-4-14-clash-meta-github.htm on 2026-04-14
2026-04-20 15:13:38 [simple] INFO: clashmeta found /free-nodes/2026-4-14-clash-meta-github.htm on 2026-04-14
2026-04-20 15:13:38 [simple] INFO: clashmeta found /free-nodes/2026-4-13-clash-meta-node-share.htm on 2026-04-13
2026-04-20 15:13:38 [simple] INFO: clashmeta found /free-nodes/2026-4-13-clash-meta-node-share.htm on 2026-04-13
2026-04-20 15:13:38 [simple] INFO: clashmeta found /free-nodes/2026-4-12-node-share.htm on 2026-04-12
2026-04-20 15:13:38 [simple] INFO: clashmeta found /free-nodes/2026-4-12-node-share.htm on 2026-04-12
2026-04-20 15:13:38 [simple] INFO: clashmeta found /free-nodes/2026-4-11-node-share.htm on 2026-04-11
2026-04-20 15:13:38 [simple] INFO: clashmeta found /free-nodes/2026-4-11-node-share.htm on 2026-04-11
2026-04-20 15:13:38 [simple] INFO: clashmeta is up to date, exiting
2026-04-20 15:13:38 [simple] INFO: clashmeta is up to date, exiting
2026-04-20 15:13:38 [simple] INFO: clashmeta is up to date, exiting
2026-04-20 15:13:38 [scrapy.core.downloader.tls] WARNING: Remote certificate is not valid for hostname "nodev2ray.com"; VerificationError(errors=[DNSMismatch(mismatched_id=DNS_ID(hostname=b'nodev2ray.com'))])
2026-04-20 15:13:38 [scrapy.core.downloader.tls] WARNING: Remote certificate is not valid for hostname "v2rayshare.net"; VerificationError(errors=[DNSMismatch(mismatched_id=DNS_ID(hostname=b'v2rayshare.net'))])
2026-04-20 15:13:38 [scrapy.core.downloader.tls] WARNING: Remote certificate is not valid for hostname "www.naidounode.com"; VerificationError(errors=[DNSMismatch(mismatched_id=DNS_ID(hostname=b'www.naidounode.com'))])
2026-04-20 15:13:39 [scrapy.spidermiddlewares.httperror] INFO: Ignoring response <404 https://naidounode.com/freenode/>: HTTP status code is not handled or not allowed
2026-04-20 15:13:39 [scrapy.core.downloader.tls] WARNING: Remote certificate is not valid for hostname "v2rayshare.githubrowcontent.com"; VerificationError(errors=[DNSMismatch(mismatched_id=DNS_ID(hostname=b'v2rayshare.githubrowcontent.com'))])
2026-04-20 15:13:39 [simple] INFO: nodev2ray found /free-node/2026-4-20-clash-v2ray-ss-ssr.htm on 2026-04-20
2026-04-20 15:13:39 [simple] INFO: nodev2ray found /free-node/2026-4-19-free-high-speed-nodes.htm on 2026-04-19
2026-04-20 15:13:39 [simple] INFO: nodev2ray found /free-node/2026-4-18-free-v2ray.htm on 2026-04-18
2026-04-20 15:13:39 [simple] INFO: nodev2ray found /free-node/2026-4-17-shadowrocket-node.htm on 2026-04-17
2026-04-20 15:13:39 [simple] INFO: nodev2ray found /free-node/2026-4-16-node-share.htm on 2026-04-16
2026-04-20 15:13:39 [simple] INFO: nodev2ray found /free-node/2026-4-15-free-subscribe-node.htm on 2026-04-15
2026-04-20 15:13:39 [simple] INFO: nodev2ray found /free-node/2026-4-14-free-ssr-node.htm on 2026-04-14
2026-04-20 15:13:39 [simple] INFO: nodev2ray found /free-node/2026-4-13-free-v2ray.htm on 2026-04-13
2026-04-20 15:13:39 [simple] INFO: nodev2ray found /free-node/2026-4-12-free-ssr-node.htm on 2026-04-12
2026-04-20 15:13:39 [simple] INFO: nodev2ray found /free-node/2026-4-11-free-clash.htm on 2026-04-11
2026-04-20 15:13:39 [simple] INFO: nodev2ray is up to date, exiting
2026-04-20 15:13:39 [simple] INFO: nodev2ray is up to date, exiting
2026-04-20 15:13:39 [simple] INFO: nodev2ray is up to date, exiting
2026-04-20 15:13:39 [scrapy.downloadermiddlewares.retry] ERROR: Gave up retrying <GET https://v2rayshare.githubrowcontent.com/2024/07/20240701.txt> (failed 3 times): DNS lookup failed: no results for hostname lookup: v2rayshare.githubrowcontent.com.
2026-04-20 15:13:39 [scrapy.downloadermiddlewares.robotstxt] ERROR: Error downloading <GET https://v2rayshare.net/>: DNS lookup failed: no results for hostname lookup: v2rayshare.githubrowcontent.com.
Traceback (most recent call last):
  File "/opt/hostedtoolcache/Python/3.11.15/x64/lib/python3.11/site-packages/scrapy/utils/_download_handlers.py", line 61, in wrap_twisted_exceptions
    yield
  File "/opt/hostedtoolcache/Python/3.11.15/x64/lib/python3.11/site-packages/scrapy/core/downloader/handlers/http11.py", line 129, in download_request
    return await maybe_deferred_to_future(agent.download_request(request))
           ^^^^^^^^^^^^^^^^^^^^^^^^^^^^^^^^^^^^^^^^^^^^^^^^^^^^^^^^^^^^^^^
  File "/opt/hostedtoolcache/Python/3.11.15/x64/lib/python3.11/site-packages/twisted/internet/defer.py", line 1092, in _runCallbacks
    current.result = callback(  # type: ignore[misc]
                     ^^^^^^^^^^^^^^^^^^^^^^^^^^^^^^^
  File "/opt/hostedtoolcache/Python/3.11.15/x64/lib/python3.11/site-packages/twisted/internet/endpoints.py", line 1091, in startConnectionAttempts
    raise error.DNSLookupError(
twisted.internet.error.DNSLookupError: DNS lookup failed: no results for hostname lookup: v2rayshare.githubrowcontent.com.

The above exception was the direct cause of the following exception:

Traceback (most recent call last):
  File "/opt/hostedtoolcache/Python/3.11.15/x64/lib/python3.11/site-packages/scrapy/downloadermiddlewares/robotstxt.py", line 100, in robot_parser
    resp = await self.crawler.engine.download_async(robotsreq)
           ^^^^^^^^^^^^^^^^^^^^^^^^^^^^^^^^^^^^^^^^^^^^^^^^^^^
  File "/opt/hostedtoolcache/Python/3.11.15/x64/lib/python3.11/site-packages/scrapy/core/engine.py", line 480, in download_async
    return await self.download_async(response_or_request)
           ^^^^^^^^^^^^^^^^^^^^^^^^^^^^^^^^^^^^^^^^^^^^^^
  File "/opt/hostedtoolcache/Python/3.11.15/x64/lib/python3.11/site-packages/scrapy/core/engine.py", line 480, in download_async
    return await self.download_async(response_or_request)
           ^^^^^^^^^^^^^^^^^^^^^^^^^^^^^^^^^^^^^^^^^^^^^^
  File "/opt/hostedtoolcache/Python/3.11.15/x64/lib/python3.11/site-packages/scrapy/core/engine.py", line 480, in download_async
    return await self.download_async(response_or_request)
           ^^^^^^^^^^^^^^^^^^^^^^^^^^^^^^^^^^^^^^^^^^^^^^
  File "/opt/hostedtoolcache/Python/3.11.15/x64/lib/python3.11/site-packages/scrapy/core/engine.py", line 473, in download_async
    response_or_request = await maybe_deferred_to_future(
                          ^^^^^^^^^^^^^^^^^^^^^^^^^^^^^^^
  File "/opt/hostedtoolcache/Python/3.11.15/x64/lib/python3.11/site-packages/twisted/internet/defer.py", line 1853, in _inlineCallbacks
    result = context.run(
             ^^^^^^^^^^^^
  File "/opt/hostedtoolcache/Python/3.11.15/x64/lib/python3.11/site-packages/twisted/python/failure.py", line 467, in throwExceptionIntoGenerator
    return g.throw(self.value.with_traceback(self.tb))
           ^^^^^^^^^^^^^^^^^^^^^^^^^^^^^^^^^^^^^^^^^^^
  File "/opt/hostedtoolcache/Python/3.11.15/x64/lib/python3.11/site-packages/scrapy/core/engine.py", line 496, in _download
    result = yield self.downloader.fetch(request)
             ^^^^^^^^^^^^^^^^^^^^^^^^^^^^^^^^^^^^
  File "/opt/hostedtoolcache/Python/3.11.15/x64/lib/python3.11/site-packages/twisted/internet/defer.py", line 1853, in _inlineCallbacks
    result = context.run(
             ^^^^^^^^^^^^
  File "/opt/hostedtoolcache/Python/3.11.15/x64/lib/python3.11/site-packages/twisted/python/failure.py", line 467, in throwExceptionIntoGenerator
    return g.throw(self.value.with_traceback(self.tb))
           ^^^^^^^^^^^^^^^^^^^^^^^^^^^^^^^^^^^^^^^^^^^
  File "/opt/hostedtoolcache/Python/3.11.15/x64/lib/python3.11/site-packages/scrapy/core/downloader/__init__.py", line 132, in fetch
    yield deferred_from_coro(
  File "/opt/hostedtoolcache/Python/3.11.15/x64/lib/python3.11/site-packages/twisted/internet/defer.py", line 1257, in adapt
    extracted: _SelfResultT | Failure = result.result()
                                        ^^^^^^^^^^^^^^^
  File "/opt/hostedtoolcache/Python/3.11.15/x64/lib/python3.11/site-packages/scrapy/core/downloader/middleware.py", line 158, in download_async
    result = await process_exception(ex)
             ^^^^^^^^^^^^^^^^^^^^^^^^^^^
  File "/opt/hostedtoolcache/Python/3.11.15/x64/lib/python3.11/site-packages/scrapy/core/downloader/middleware.py", line 150, in process_exception
    raise exception
  File "/opt/hostedtoolcache/Python/3.11.15/x64/lib/python3.11/site-packages/scrapy/core/downloader/middleware.py", line 153, in download_async
    result: Response | Request = await process_request(request)
                                 ^^^^^^^^^^^^^^^^^^^^^^^^^^^^^^
  File "/opt/hostedtoolcache/Python/3.11.15/x64/lib/python3.11/site-packages/scrapy/core/downloader/middleware.py", line 97, in process_request
    return await download_func(request)
           ^^^^^^^^^^^^^^^^^^^^^^^^^^^^
  File "/opt/hostedtoolcache/Python/3.11.15/x64/lib/python3.11/site-packages/scrapy/core/downloader/__init__.py", line 189, in _enqueue_request
    return await maybe_deferred_to_future(d)  # fired in _wait_for_download()
           ^^^^^^^^^^^^^^^^^^^^^^^^^^^^^^^^^
  File "/opt/hostedtoolcache/Python/3.11.15/x64/lib/python3.11/site-packages/scrapy/core/downloader/__init__.py", line 256, in _wait_for_download
    response = await self._download(slot, request)
               ^^^^^^^^^^^^^^^^^^^^^^^^^^^^^^^^^^^
  File "/opt/hostedtoolcache/Python/3.11.15/x64/lib/python3.11/site-packages/scrapy/core/downloader/__init__.py", line 226, in _download
    response: Response = await self.handlers.download_request_async(request)
                         ^^^^^^^^^^^^^^^^^^^^^^^^^^^^^^^^^^^^^^^^^^^^^^^^^^^
  File "/opt/hostedtoolcache/Python/3.11.15/x64/lib/python3.11/site-packages/scrapy/core/downloader/handlers/__init__.py", line 156, in download_request_async
    return await handler.download_request(request)
           ^^^^^^^^^^^^^^^^^^^^^^^^^^^^^^^^^^^^^^^
  File "/opt/hostedtoolcache/Python/3.11.15/x64/lib/python3.11/site-packages/scrapy/core/downloader/handlers/http11.py", line 128, in download_request
    with wrap_twisted_exceptions():
  File "/opt/hostedtoolcache/Python/3.11.15/x64/lib/python3.11/contextlib.py", line 158, in __exit__
    self.gen.throw(typ, value, traceback)
  File "/opt/hostedtoolcache/Python/3.11.15/x64/lib/python3.11/site-packages/scrapy/utils/_download_handlers.py", line 69, in wrap_twisted_exceptions
    raise CannotResolveHostError(str(e)) from e
scrapy.exceptions.CannotResolveHostError: DNS lookup failed: no results for hostname lookup: v2rayshare.githubrowcontent.com.
2026-04-20 15:13:39 [scrapy.spidermiddlewares.httperror] INFO: Ignoring response <403 https://oneclash.cc>: HTTP status code is not handled or not allowed
2026-04-20 15:13:39 [scrapy.downloadermiddlewares.retry] ERROR: Gave up retrying <GET https://nodefree.githubrowcontent.com/2024/07/20240705.txt> (failed 3 times): DNS lookup failed: no results for hostname lookup: nodefree.githubrowcontent.com.
2026-04-20 15:13:39 [scrapy.downloadermiddlewares.robotstxt] ERROR: Error downloading <GET https://nodefree.org>: DNS lookup failed: no results for hostname lookup: nodefree.githubrowcontent.com.
Traceback (most recent call last):
  File "/opt/hostedtoolcache/Python/3.11.15/x64/lib/python3.11/site-packages/scrapy/utils/_download_handlers.py", line 61, in wrap_twisted_exceptions
    yield
  File "/opt/hostedtoolcache/Python/3.11.15/x64/lib/python3.11/site-packages/scrapy/core/downloader/handlers/http11.py", line 129, in download_request
    return await maybe_deferred_to_future(agent.download_request(request))
           ^^^^^^^^^^^^^^^^^^^^^^^^^^^^^^^^^^^^^^^^^^^^^^^^^^^^^^^^^^^^^^^
  File "/opt/hostedtoolcache/Python/3.11.15/x64/lib/python3.11/site-packages/twisted/internet/defer.py", line 1092, in _runCallbacks
    current.result = callback(  # type: ignore[misc]
                     ^^^^^^^^^^^^^^^^^^^^^^^^^^^^^^^
  File "/opt/hostedtoolcache/Python/3.11.15/x64/lib/python3.11/site-packages/twisted/internet/endpoints.py", line 1091, in startConnectionAttempts
    raise error.DNSLookupError(
twisted.internet.error.DNSLookupError: DNS lookup failed: no results for hostname lookup: nodefree.githubrowcontent.com.

The above exception was the direct cause of the following exception:

Traceback (most recent call last):
  File "/opt/hostedtoolcache/Python/3.11.15/x64/lib/python3.11/site-packages/scrapy/downloadermiddlewares/robotstxt.py", line 100, in robot_parser
    resp = await self.crawler.engine.download_async(robotsreq)
           ^^^^^^^^^^^^^^^^^^^^^^^^^^^^^^^^^^^^^^^^^^^^^^^^^^^
  File "/opt/hostedtoolcache/Python/3.11.15/x64/lib/python3.11/site-packages/scrapy/core/engine.py", line 480, in download_async
    return await self.download_async(response_or_request)
           ^^^^^^^^^^^^^^^^^^^^^^^^^^^^^^^^^^^^^^^^^^^^^^
  File "/opt/hostedtoolcache/Python/3.11.15/x64/lib/python3.11/site-packages/scrapy/core/engine.py", line 480, in download_async
    return await self.download_async(response_or_request)
           ^^^^^^^^^^^^^^^^^^^^^^^^^^^^^^^^^^^^^^^^^^^^^^
  File "/opt/hostedtoolcache/Python/3.11.15/x64/lib/python3.11/site-packages/scrapy/core/engine.py", line 480, in download_async
    return await self.download_async(response_or_request)
           ^^^^^^^^^^^^^^^^^^^^^^^^^^^^^^^^^^^^^^^^^^^^^^
  File "/opt/hostedtoolcache/Python/3.11.15/x64/lib/python3.11/site-packages/scrapy/core/engine.py", line 473, in download_async
    response_or_request = await maybe_deferred_to_future(
                          ^^^^^^^^^^^^^^^^^^^^^^^^^^^^^^^
  File "/opt/hostedtoolcache/Python/3.11.15/x64/lib/python3.11/site-packages/twisted/internet/defer.py", line 1853, in _inlineCallbacks
    result = context.run(
             ^^^^^^^^^^^^
  File "/opt/hostedtoolcache/Python/3.11.15/x64/lib/python3.11/site-packages/twisted/python/failure.py", line 467, in throwExceptionIntoGenerator
    return g.throw(self.value.with_traceback(self.tb))
           ^^^^^^^^^^^^^^^^^^^^^^^^^^^^^^^^^^^^^^^^^^^
  File "/opt/hostedtoolcache/Python/3.11.15/x64/lib/python3.11/site-packages/scrapy/core/engine.py", line 496, in _download
    result = yield self.downloader.fetch(request)
             ^^^^^^^^^^^^^^^^^^^^^^^^^^^^^^^^^^^^
  File "/opt/hostedtoolcache/Python/3.11.15/x64/lib/python3.11/site-packages/twisted/internet/defer.py", line 1853, in _inlineCallbacks
    result = context.run(
             ^^^^^^^^^^^^
  File "/opt/hostedtoolcache/Python/3.11.15/x64/lib/python3.11/site-packages/twisted/python/failure.py", line 467, in throwExceptionIntoGenerator
    return g.throw(self.value.with_traceback(self.tb))
           ^^^^^^^^^^^^^^^^^^^^^^^^^^^^^^^^^^^^^^^^^^^
  File "/opt/hostedtoolcache/Python/3.11.15/x64/lib/python3.11/site-packages/scrapy/core/downloader/__init__.py", line 132, in fetch
    yield deferred_from_coro(
  File "/opt/hostedtoolcache/Python/3.11.15/x64/lib/python3.11/site-packages/twisted/internet/defer.py", line 1257, in adapt
    extracted: _SelfResultT | Failure = result.result()
                                        ^^^^^^^^^^^^^^^
  File "/opt/hostedtoolcache/Python/3.11.15/x64/lib/python3.11/site-packages/scrapy/core/downloader/middleware.py", line 158, in download_async
    result = await process_exception(ex)
             ^^^^^^^^^^^^^^^^^^^^^^^^^^^
  File "/opt/hostedtoolcache/Python/3.11.15/x64/lib/python3.11/site-packages/scrapy/core/downloader/middleware.py", line 150, in process_exception
    raise exception
  File "/opt/hostedtoolcache/Python/3.11.15/x64/lib/python3.11/site-packages/scrapy/core/downloader/middleware.py", line 153, in download_async
    result: Response | Request = await process_request(request)
                                 ^^^^^^^^^^^^^^^^^^^^^^^^^^^^^^
  File "/opt/hostedtoolcache/Python/3.11.15/x64/lib/python3.11/site-packages/scrapy/core/downloader/middleware.py", line 97, in process_request
    return await download_func(request)
           ^^^^^^^^^^^^^^^^^^^^^^^^^^^^
  File "/opt/hostedtoolcache/Python/3.11.15/x64/lib/python3.11/site-packages/scrapy/core/downloader/__init__.py", line 189, in _enqueue_request
    return await maybe_deferred_to_future(d)  # fired in _wait_for_download()
           ^^^^^^^^^^^^^^^^^^^^^^^^^^^^^^^^^
  File "/opt/hostedtoolcache/Python/3.11.15/x64/lib/python3.11/site-packages/scrapy/core/downloader/__init__.py", line 256, in _wait_for_download
    response = await self._download(slot, request)
               ^^^^^^^^^^^^^^^^^^^^^^^^^^^^^^^^^^^
  File "/opt/hostedtoolcache/Python/3.11.15/x64/lib/python3.11/site-packages/scrapy/core/downloader/__init__.py", line 226, in _download
    response: Response = await self.handlers.download_request_async(request)
                         ^^^^^^^^^^^^^^^^^^^^^^^^^^^^^^^^^^^^^^^^^^^^^^^^^^^
  File "/opt/hostedtoolcache/Python/3.11.15/x64/lib/python3.11/site-packages/scrapy/core/downloader/handlers/__init__.py", line 156, in download_request_async
    return await handler.download_request(request)
           ^^^^^^^^^^^^^^^^^^^^^^^^^^^^^^^^^^^^^^^
  File "/opt/hostedtoolcache/Python/3.11.15/x64/lib/python3.11/site-packages/scrapy/core/downloader/handlers/http11.py", line 128, in download_request
    with wrap_twisted_exceptions():
  File "/opt/hostedtoolcache/Python/3.11.15/x64/lib/python3.11/contextlib.py", line 158, in __exit__
    self.gen.throw(typ, value, traceback)
  File "/opt/hostedtoolcache/Python/3.11.15/x64/lib/python3.11/site-packages/scrapy/utils/_download_handlers.py", line 69, in wrap_twisted_exceptions
    raise CannotResolveHostError(str(e)) from e
scrapy.exceptions.CannotResolveHostError: DNS lookup failed: no results for hostname lookup: nodefree.githubrowcontent.com.
2026-04-20 15:13:39 [simple] INFO: v2rayshare found https://v2rayshare.net/p/5213.html on 2026-04-20
2026-04-20 15:13:39 [simple] INFO: v2rayshare found https://v2rayshare.net/p/5214.html on 2026-04-19
2026-04-20 15:13:39 [simple] INFO: v2rayshare found https://v2rayshare.net/p/5215.html on 2026-04-18
2026-04-20 15:13:39 [simple] INFO: v2rayshare found https://v2rayshare.net/p/5216.html on 2026-04-17
2026-04-20 15:13:39 [simple] INFO: v2rayshare found https://v2rayshare.net/p/5217.html on 2026-04-16
2026-04-20 15:13:39 [simple] INFO: v2rayshare found https://v2rayshare.net/p/5218.html on 2026-04-15
2026-04-20 15:13:39 [simple] INFO: v2rayshare found https://v2rayshare.net/p/5219.html on 2026-04-14
2026-04-20 15:13:39 [simple] INFO: v2rayshare found https://v2rayshare.net/p/5220.html on 2026-04-13
2026-04-20 15:13:39 [simple] INFO: v2rayshare found https://v2rayshare.net/p/5221.html on 2026-04-12
2026-04-20 15:13:39 [simple] INFO: v2rayshare found https://v2rayshare.net/p/5222.html on 2026-04-11
2026-04-20 15:13:39 [simple] INFO: v2rayshare needs update, accessing https://v2rayshare.net/p/5213.html
2026-04-20 15:13:39 [simple] INFO: v2rayshare needs update, accessing https://v2rayshare.net/p/5214.html
2026-04-20 15:13:39 [simple] INFO: v2rayshare needs update, accessing https://v2rayshare.net/p/5215.html
2026-04-20 15:13:40 [scrapy.spidermiddlewares.httperror] INFO: Ignoring response <403 https://v2rayshare.net/p/5214.html>: HTTP status code is not handled or not allowed
2026-04-20 15:13:40 [scrapy.spidermiddlewares.httperror] INFO: Ignoring response <403 https://v2rayshare.net/p/5215.html>: HTTP status code is not handled or not allowed
2026-04-20 15:13:40 [scrapy.downloadermiddlewares.retry] ERROR: Gave up retrying <GET https://nodefree.githubrowcontent.com/2024/07/20240705.txt> (failed 3 times): DNS lookup failed: no results for hostname lookup: nodefree.githubrowcontent.com.
2026-04-20 15:13:40 [scrapy.downloadermiddlewares.robotstxt] ERROR: Error downloading <GET https://nodefree.me/>: DNS lookup failed: no results for hostname lookup: nodefree.githubrowcontent.com.
Traceback (most recent call last):
  File "/opt/hostedtoolcache/Python/3.11.15/x64/lib/python3.11/site-packages/scrapy/utils/_download_handlers.py", line 61, in wrap_twisted_exceptions
    yield
  File "/opt/hostedtoolcache/Python/3.11.15/x64/lib/python3.11/site-packages/scrapy/core/downloader/handlers/http11.py", line 129, in download_request
    return await maybe_deferred_to_future(agent.download_request(request))
           ^^^^^^^^^^^^^^^^^^^^^^^^^^^^^^^^^^^^^^^^^^^^^^^^^^^^^^^^^^^^^^^
  File "/opt/hostedtoolcache/Python/3.11.15/x64/lib/python3.11/site-packages/twisted/internet/defer.py", line 1092, in _runCallbacks
    current.result = callback(  # type: ignore[misc]
                     ^^^^^^^^^^^^^^^^^^^^^^^^^^^^^^^
  File "/opt/hostedtoolcache/Python/3.11.15/x64/lib/python3.11/site-packages/twisted/internet/endpoints.py", line 1091, in startConnectionAttempts
    raise error.DNSLookupError(
twisted.internet.error.DNSLookupError: DNS lookup failed: no results for hostname lookup: nodefree.githubrowcontent.com.

The above exception was the direct cause of the following exception:

Traceback (most recent call last):
  File "/opt/hostedtoolcache/Python/3.11.15/x64/lib/python3.11/site-packages/scrapy/downloadermiddlewares/robotstxt.py", line 100, in robot_parser
    resp = await self.crawler.engine.download_async(robotsreq)
           ^^^^^^^^^^^^^^^^^^^^^^^^^^^^^^^^^^^^^^^^^^^^^^^^^^^
  File "/opt/hostedtoolcache/Python/3.11.15/x64/lib/python3.11/site-packages/scrapy/core/engine.py", line 480, in download_async
    return await self.download_async(response_or_request)
           ^^^^^^^^^^^^^^^^^^^^^^^^^^^^^^^^^^^^^^^^^^^^^^
  File "/opt/hostedtoolcache/Python/3.11.15/x64/lib/python3.11/site-packages/scrapy/core/engine.py", line 480, in download_async
    return await self.download_async(response_or_request)
           ^^^^^^^^^^^^^^^^^^^^^^^^^^^^^^^^^^^^^^^^^^^^^^
  File "/opt/hostedtoolcache/Python/3.11.15/x64/lib/python3.11/site-packages/scrapy/core/engine.py", line 480, in download_async
    return await self.download_async(response_or_request)
           ^^^^^^^^^^^^^^^^^^^^^^^^^^^^^^^^^^^^^^^^^^^^^^
  File "/opt/hostedtoolcache/Python/3.11.15/x64/lib/python3.11/site-packages/scrapy/core/engine.py", line 473, in download_async
    response_or_request = await maybe_deferred_to_future(
                          ^^^^^^^^^^^^^^^^^^^^^^^^^^^^^^^
  File "/opt/hostedtoolcache/Python/3.11.15/x64/lib/python3.11/site-packages/twisted/internet/defer.py", line 1853, in _inlineCallbacks
    result = context.run(
             ^^^^^^^^^^^^
  File "/opt/hostedtoolcache/Python/3.11.15/x64/lib/python3.11/site-packages/twisted/python/failure.py", line 467, in throwExceptionIntoGenerator
    return g.throw(self.value.with_traceback(self.tb))
           ^^^^^^^^^^^^^^^^^^^^^^^^^^^^^^^^^^^^^^^^^^^
  File "/opt/hostedtoolcache/Python/3.11.15/x64/lib/python3.11/site-packages/scrapy/core/engine.py", line 496, in _download
    result = yield self.downloader.fetch(request)
             ^^^^^^^^^^^^^^^^^^^^^^^^^^^^^^^^^^^^
  File "/opt/hostedtoolcache/Python/3.11.15/x64/lib/python3.11/site-packages/twisted/internet/defer.py", line 1853, in _inlineCallbacks
    result = context.run(
             ^^^^^^^^^^^^
  File "/opt/hostedtoolcache/Python/3.11.15/x64/lib/python3.11/site-packages/twisted/python/failure.py", line 467, in throwExceptionIntoGenerator
    return g.throw(self.value.with_traceback(self.tb))
           ^^^^^^^^^^^^^^^^^^^^^^^^^^^^^^^^^^^^^^^^^^^
  File "/opt/hostedtoolcache/Python/3.11.15/x64/lib/python3.11/site-packages/scrapy/core/downloader/__init__.py", line 132, in fetch
    yield deferred_from_coro(
  File "/opt/hostedtoolcache/Python/3.11.15/x64/lib/python3.11/site-packages/twisted/internet/defer.py", line 1257, in adapt
    extracted: _SelfResultT | Failure = result.result()
                                        ^^^^^^^^^^^^^^^
  File "/opt/hostedtoolcache/Python/3.11.15/x64/lib/python3.11/site-packages/scrapy/core/downloader/middleware.py", line 158, in download_async
    result = await process_exception(ex)
             ^^^^^^^^^^^^^^^^^^^^^^^^^^^
  File "/opt/hostedtoolcache/Python/3.11.15/x64/lib/python3.11/site-packages/scrapy/core/downloader/middleware.py", line 150, in process_exception
    raise exception
  File "/opt/hostedtoolcache/Python/3.11.15/x64/lib/python3.11/site-packages/scrapy/core/downloader/middleware.py", line 153, in download_async
    result: Response | Request = await process_request(request)
                                 ^^^^^^^^^^^^^^^^^^^^^^^^^^^^^^
  File "/opt/hostedtoolcache/Python/3.11.15/x64/lib/python3.11/site-packages/scrapy/core/downloader/middleware.py", line 97, in process_request
    return await download_func(request)
           ^^^^^^^^^^^^^^^^^^^^^^^^^^^^
  File "/opt/hostedtoolcache/Python/3.11.15/x64/lib/python3.11/site-packages/scrapy/core/downloader/__init__.py", line 189, in _enqueue_request
    return await maybe_deferred_to_future(d)  # fired in _wait_for_download()
           ^^^^^^^^^^^^^^^^^^^^^^^^^^^^^^^^^
  File "/opt/hostedtoolcache/Python/3.11.15/x64/lib/python3.11/site-packages/scrapy/core/downloader/__init__.py", line 256, in _wait_for_download
    response = await self._download(slot, request)
               ^^^^^^^^^^^^^^^^^^^^^^^^^^^^^^^^^^^
  File "/opt/hostedtoolcache/Python/3.11.15/x64/lib/python3.11/site-packages/scrapy/core/downloader/__init__.py", line 226, in _download
    response: Response = await self.handlers.download_request_async(request)
                         ^^^^^^^^^^^^^^^^^^^^^^^^^^^^^^^^^^^^^^^^^^^^^^^^^^^
  File "/opt/hostedtoolcache/Python/3.11.15/x64/lib/python3.11/site-packages/scrapy/core/downloader/handlers/__init__.py", line 156, in download_request_async
    return await handler.download_request(request)
           ^^^^^^^^^^^^^^^^^^^^^^^^^^^^^^^^^^^^^^^
  File "/opt/hostedtoolcache/Python/3.11.15/x64/lib/python3.11/site-packages/scrapy/core/downloader/handlers/http11.py", line 128, in download_request
    with wrap_twisted_exceptions():
  File "/opt/hostedtoolcache/Python/3.11.15/x64/lib/python3.11/contextlib.py", line 158, in __exit__
    self.gen.throw(typ, value, traceback)
  File "/opt/hostedtoolcache/Python/3.11.15/x64/lib/python3.11/site-packages/scrapy/utils/_download_handlers.py", line 69, in wrap_twisted_exceptions
    raise CannotResolveHostError(str(e)) from e
scrapy.exceptions.CannotResolveHostError: DNS lookup failed: no results for hostname lookup: nodefree.githubrowcontent.com.
2026-04-20 15:13:41 [simple] INFO: nodefree found https://nodefree.me/p/3810.html on 2026-04-20
2026-04-20 15:13:41 [simple] INFO: nodefree found https://nodefree.me/p/3811.html on 2026-04-19
2026-04-20 15:13:41 [simple] INFO: nodefree found https://nodefree.me/p/3812.html on 2026-04-18
2026-04-20 15:13:41 [simple] INFO: nodefree found https://nodefree.me/p/3813.html on 2026-04-17
2026-04-20 15:13:41 [simple] INFO: nodefree found https://nodefree.me/p/3814.html on 2026-04-16
2026-04-20 15:13:41 [simple] INFO: nodefree found https://nodefree.me/p/3815.html on 2026-04-15
2026-04-20 15:13:41 [simple] INFO: nodefree found https://nodefree.me/p/3816.html on 2026-04-14
2026-04-20 15:13:41 [simple] INFO: nodefree found https://nodefree.me/p/3817.html on 2026-04-13
2026-04-20 15:13:41 [simple] INFO: nodefree found https://nodefree.me/p/3818.html on 2026-04-12
2026-04-20 15:13:41 [simple] INFO: nodefree found https://nodefree.me/p/3819.html on 2026-04-11
2026-04-20 15:13:41 [simple] INFO: nodefree needs update, accessing https://nodefree.me/p/3810.html
2026-04-20 15:13:41 [simple] INFO: nodefree needs update, accessing https://nodefree.me/p/3811.html
2026-04-20 15:13:41 [simple] INFO: nodefree needs update, accessing https://nodefree.me/p/3812.html
2026-04-20 15:13:41 [scrapy.core.engine] INFO: Closing spider (finished)
2026-04-20 15:13:41 [scrapy.statscollectors] INFO: Dumping Scrapy stats:
{'downloader/exception_count': 10,
 'downloader/exception_type_count/scrapy.exceptions.CannotResolveHostError': 6,
 'downloader/exception_type_count/scrapy.exceptions.DownloadFailedError': 4,
 'downloader/request_bytes': 11999,
 'downloader/request_count': 36,
 'downloader/request_method_count/GET': 36,
 'downloader/response_bytes': 118027,
 'downloader/response_count': 26,
 'downloader/response_status_count/200': 12,
 'downloader/response_status_count/301': 8,
 'downloader/response_status_count/403': 5,
 'downloader/response_status_count/404': 1,
 'elapsed_time_seconds': 3.065557,
 'finish_reason': 'finished',
 'finish_time': datetime.datetime(2026, 4, 20, 15, 13, 41, 637565, tzinfo=datetime.timezone.utc),
 'httpcompression/response_bytes': 498091,
 'httpcompression/response_count': 11,
 'httperror/response_ignored_count': 4,
 'httperror/response_ignored_status_count/403': 3,
 'httperror/response_ignored_status_count/404': 1,
 'items_per_minute': 0.0,
 'log_count/ERROR': 6,
 'log_count/INFO': 75,
 'log_count/WARNING': 8,
 'memusage/max': 156299264,
 'memusage/startup': 156299264,
 'request_depth_max': 1,
 'response_received_count': 18,
 'responses_per_minute': 360.0,
 'retry/count': 7,
 'retry/max_reached': 3,
 'retry/reason_count/scrapy.exceptions.CannotResolveHostError': 3,
 'retry/reason_count/scrapy.exceptions.DownloadFailedError': 4,
 "robotstxt/exception_count/<class 'scrapy.exceptions.CannotResolveHostError'>": 3,
 'robotstxt/request_count': 9,
 'robotstxt/response_count': 6,
 'robotstxt/response_status_count/200': 4,
 'robotstxt/response_status_count/403': 2,
 'scheduler/dequeued': 15,
 'scheduler/dequeued/memory': 15,
 'scheduler/enqueued': 15,
 'scheduler/enqueued/memory': 15,
 'start_time': datetime.datetime(2026, 4, 20, 15, 13, 38, 572008, tzinfo=datetime.timezone.utc)}
2026-04-20 15:13:41 [scrapy.core.engine] INFO: Spider closed (finished)
2026-04-20 15:13:51 [scrapy.addons] INFO: Enabled addons:
[]
2026-04-20 15:13:51 [scrapy.extensions.telnet] INFO: Telnet Password: 2c555d0ab2010672
2026-04-20 15:13:51 [scrapy.middleware] INFO: Enabled extensions:
['scrapy.extensions.corestats.CoreStats',
 'scrapy.extensions.logcount.LogCount',
 'scrapy.extensions.telnet.TelnetConsole',
 'scrapy.extensions.memusage.MemoryUsage',
 'scrapy.extensions.logstats.LogStats']
2026-04-20 15:13:51 [scrapy.crawler] INFO: Overridden settings:
{'BOT_NAME': 'NodeScrapy',
 'FEED_EXPORT_ENCODING': 'utf-8',
 'LOG_FILE': 'scrapy.log',
 'LOG_LEVEL': 'INFO',
 'NEWSPIDER_MODULE': 'NodeScrapy.spiders',
 'ROBOTSTXT_OBEY': True,
 'SPIDER_MODULES': ['NodeScrapy.spiders']}
2026-04-20 15:13:51 [scrapy.middleware] INFO: Enabled downloader middlewares:
['scrapy.downloadermiddlewares.offsite.OffsiteMiddleware',
 'scrapy.downloadermiddlewares.robotstxt.RobotsTxtMiddleware',
 'scrapy.downloadermiddlewares.httpauth.HttpAuthMiddleware',
 'scrapy.downloadermiddlewares.downloadtimeout.DownloadTimeoutMiddleware',
 'scrapy.downloadermiddlewares.defaultheaders.DefaultHeadersMiddleware',
 'NodeScrapy.middlewares.RandomUserAgentMiddleware',
 'scrapy.downloadermiddlewares.useragent.UserAgentMiddleware',
 'scrapy.downloadermiddlewares.retry.RetryMiddleware',
 'scrapy.downloadermiddlewares.redirect.MetaRefreshMiddleware',
 'scrapy.downloadermiddlewares.httpcompression.HttpCompressionMiddleware',
 'scrapy.downloadermiddlewares.redirect.RedirectMiddleware',
 'scrapy.downloadermiddlewares.cookies.CookiesMiddleware',
 'scrapy.downloadermiddlewares.httpproxy.HttpProxyMiddleware',
 'scrapy.downloadermiddlewares.stats.DownloaderStats']
2026-04-20 15:13:51 [py.warnings] WARNING: /opt/hostedtoolcache/Python/3.11.15/x64/lib/python3.11/site-packages/scrapy/core/downloader/middleware.py:44: ScrapyDeprecationWarning: RandomUserAgentMiddleware.process_request() requires a spider argument, this is deprecated and the argument will not be passed in future Scrapy versions. If you need to access the spider instance you can save the crawler instance passed to from_crawler() and use its spider attribute.
  self._check_mw_method_spider_arg(mw.process_request)

2026-04-20 15:13:51 [scrapy.middleware] INFO: Enabled spider middlewares:
['scrapy.spidermiddlewares.start.StartSpiderMiddleware',
 'scrapy.spidermiddlewares.httperror.HttpErrorMiddleware',
 'scrapy.spidermiddlewares.referer.RefererMiddleware',
 'scrapy.spidermiddlewares.urllength.UrlLengthMiddleware',
 'scrapy.spidermiddlewares.depth.DepthMiddleware']
2026-04-20 15:13:51 [scrapy.middleware] INFO: Enabled item pipelines:
['NodeScrapy.pipelines.Pipeline']
2026-04-20 15:13:51 [py.warnings] WARNING: /opt/hostedtoolcache/Python/3.11.15/x64/lib/python3.11/site-packages/scrapy/pipelines/__init__.py:41: ScrapyDeprecationWarning: Pipeline.open_spider() requires a spider argument, this is deprecated and the argument will not be passed in future Scrapy versions. If you need to access the spider instance you can save the crawler instance passed to from_crawler() and use its spider attribute.
  self._check_mw_method_spider_arg(pipe.open_spider)

2026-04-20 15:13:51 [py.warnings] WARNING: /opt/hostedtoolcache/Python/3.11.15/x64/lib/python3.11/site-packages/scrapy/pipelines/__init__.py:44: ScrapyDeprecationWarning: Pipeline.close_spider() requires a spider argument, this is deprecated and the argument will not be passed in future Scrapy versions. If you need to access the spider instance you can save the crawler instance passed to from_crawler() and use its spider attribute.
  self._check_mw_method_spider_arg(pipe.close_spider)

2026-04-20 15:13:51 [py.warnings] WARNING: /opt/hostedtoolcache/Python/3.11.15/x64/lib/python3.11/site-packages/scrapy/pipelines/__init__.py:47: ScrapyDeprecationWarning: Pipeline.process_item() requires a spider argument, this is deprecated and the argument will not be passed in future Scrapy versions. If you need to access the spider instance you can save the crawler instance passed to from_crawler() and use its spider attribute.
  self._check_mw_method_spider_arg(pipe.process_item)

2026-04-20 15:13:51 [scrapy.core.engine] INFO: Spider opened
2026-04-20 15:13:51 [py.warnings] WARNING: /opt/hostedtoolcache/Python/3.11.15/x64/lib/python3.11/site-packages/scrapy/core/spidermw.py:452: ScrapyDeprecationWarning: NodeScrapy.spiders.SimpleSpider.SimpleSpider (inherited by NodeScrapy.spiders.DecryptSpider.DecryptSpider) defines the deprecated start_requests() method. start_requests() has been deprecated in favor of a new method, start(), to support asynchronous code execution. start_requests() will stop being called in a future version of Scrapy. If you use Scrapy 2.13 or higher only, replace start_requests() with start(); note that start() is a coroutine (async def). If you need to maintain compatibility with lower Scrapy versions, when overriding start_requests() in a spider class, override start() as well; you can use super() to reuse the inherited start() implementation without copy-pasting. See the release notes of Scrapy 2.13 for details: https://docs.scrapy.org/en/2.13/news.html
  self._check_deprecated_start_requests_use()

2026-04-20 15:13:51 [scrapy.extensions.logstats] INFO: Crawled 0 pages (at 0 pages/min), scraped 0 items (at 0 items/min)
2026-04-20 15:13:51 [scrapy.extensions.telnet] INFO: Telnet console listening on 127.0.0.1:6023
2026-04-20 15:13:51 [decrypt] INFO: yudou66 start
2026-04-20 15:13:51 [decrypt] INFO: blues start
2026-04-20 15:13:52 [scrapy.downloadermiddlewares.retry] ERROR: Gave up retrying <GET https://www.yudou123.top/robots.txt> (failed 3 times): [<twisted.python.failure.Failure twisted.internet.error.ConnectionLost: Connection to the other side was lost in a non-clean fashion: Connection lost.>]
2026-04-20 15:13:52 [scrapy.downloadermiddlewares.robotstxt] ERROR: Error downloading <GET https://www.yudou123.top/>: [<twisted.python.failure.Failure twisted.internet.error.ConnectionLost: Connection to the other side was lost in a non-clean fashion: Connection lost.>]
Traceback (most recent call last):
  File "/opt/hostedtoolcache/Python/3.11.15/x64/lib/python3.11/site-packages/scrapy/utils/_download_handlers.py", line 61, in wrap_twisted_exceptions
    yield
  File "/opt/hostedtoolcache/Python/3.11.15/x64/lib/python3.11/site-packages/scrapy/core/downloader/handlers/http11.py", line 129, in download_request
    return await maybe_deferred_to_future(agent.download_request(request))
           ^^^^^^^^^^^^^^^^^^^^^^^^^^^^^^^^^^^^^^^^^^^^^^^^^^^^^^^^^^^^^^^
twisted.web._newclient.ResponseNeverReceived: [<twisted.python.failure.Failure twisted.internet.error.ConnectionLost: Connection to the other side was lost in a non-clean fashion: Connection lost.>]

The above exception was the direct cause of the following exception:

Traceback (most recent call last):
  File "/opt/hostedtoolcache/Python/3.11.15/x64/lib/python3.11/site-packages/scrapy/downloadermiddlewares/robotstxt.py", line 100, in robot_parser
    resp = await self.crawler.engine.download_async(robotsreq)
           ^^^^^^^^^^^^^^^^^^^^^^^^^^^^^^^^^^^^^^^^^^^^^^^^^^^
  File "/opt/hostedtoolcache/Python/3.11.15/x64/lib/python3.11/site-packages/scrapy/core/engine.py", line 480, in download_async
    return await self.download_async(response_or_request)
           ^^^^^^^^^^^^^^^^^^^^^^^^^^^^^^^^^^^^^^^^^^^^^^
  File "/opt/hostedtoolcache/Python/3.11.15/x64/lib/python3.11/site-packages/scrapy/core/engine.py", line 480, in download_async
    return await self.download_async(response_or_request)
           ^^^^^^^^^^^^^^^^^^^^^^^^^^^^^^^^^^^^^^^^^^^^^^
  File "/opt/hostedtoolcache/Python/3.11.15/x64/lib/python3.11/site-packages/scrapy/core/engine.py", line 473, in download_async
    response_or_request = await maybe_deferred_to_future(
                          ^^^^^^^^^^^^^^^^^^^^^^^^^^^^^^^
  File "/opt/hostedtoolcache/Python/3.11.15/x64/lib/python3.11/site-packages/twisted/internet/defer.py", line 1853, in _inlineCallbacks
    result = context.run(
             ^^^^^^^^^^^^
  File "/opt/hostedtoolcache/Python/3.11.15/x64/lib/python3.11/site-packages/twisted/python/failure.py", line 467, in throwExceptionIntoGenerator
    return g.throw(self.value.with_traceback(self.tb))
           ^^^^^^^^^^^^^^^^^^^^^^^^^^^^^^^^^^^^^^^^^^^
  File "/opt/hostedtoolcache/Python/3.11.15/x64/lib/python3.11/site-packages/scrapy/core/engine.py", line 496, in _download
    result = yield self.downloader.fetch(request)
             ^^^^^^^^^^^^^^^^^^^^^^^^^^^^^^^^^^^^
  File "/opt/hostedtoolcache/Python/3.11.15/x64/lib/python3.11/site-packages/twisted/internet/defer.py", line 1853, in _inlineCallbacks
    result = context.run(
             ^^^^^^^^^^^^
  File "/opt/hostedtoolcache/Python/3.11.15/x64/lib/python3.11/site-packages/twisted/python/failure.py", line 467, in throwExceptionIntoGenerator
    return g.throw(self.value.with_traceback(self.tb))
           ^^^^^^^^^^^^^^^^^^^^^^^^^^^^^^^^^^^^^^^^^^^
  File "/opt/hostedtoolcache/Python/3.11.15/x64/lib/python3.11/site-packages/scrapy/core/downloader/__init__.py", line 132, in fetch
    yield deferred_from_coro(
  File "/opt/hostedtoolcache/Python/3.11.15/x64/lib/python3.11/site-packages/twisted/internet/defer.py", line 1257, in adapt
    extracted: _SelfResultT | Failure = result.result()
                                        ^^^^^^^^^^^^^^^
  File "/opt/hostedtoolcache/Python/3.11.15/x64/lib/python3.11/site-packages/scrapy/core/downloader/middleware.py", line 158, in download_async
    result = await process_exception(ex)
             ^^^^^^^^^^^^^^^^^^^^^^^^^^^
  File "/opt/hostedtoolcache/Python/3.11.15/x64/lib/python3.11/site-packages/scrapy/core/downloader/middleware.py", line 150, in process_exception
    raise exception
  File "/opt/hostedtoolcache/Python/3.11.15/x64/lib/python3.11/site-packages/scrapy/core/downloader/middleware.py", line 153, in download_async
    result: Response | Request = await process_request(request)
                                 ^^^^^^^^^^^^^^^^^^^^^^^^^^^^^^
  File "/opt/hostedtoolcache/Python/3.11.15/x64/lib/python3.11/site-packages/scrapy/core/downloader/middleware.py", line 97, in process_request
    return await download_func(request)
           ^^^^^^^^^^^^^^^^^^^^^^^^^^^^
  File "/opt/hostedtoolcache/Python/3.11.15/x64/lib/python3.11/site-packages/scrapy/core/downloader/__init__.py", line 189, in _enqueue_request
    return await maybe_deferred_to_future(d)  # fired in _wait_for_download()
           ^^^^^^^^^^^^^^^^^^^^^^^^^^^^^^^^^
  File "/opt/hostedtoolcache/Python/3.11.15/x64/lib/python3.11/site-packages/scrapy/core/downloader/__init__.py", line 256, in _wait_for_download
    response = await self._download(slot, request)
               ^^^^^^^^^^^^^^^^^^^^^^^^^^^^^^^^^^^
  File "/opt/hostedtoolcache/Python/3.11.15/x64/lib/python3.11/site-packages/scrapy/core/downloader/__init__.py", line 226, in _download
    response: Response = await self.handlers.download_request_async(request)
                         ^^^^^^^^^^^^^^^^^^^^^^^^^^^^^^^^^^^^^^^^^^^^^^^^^^^
  File "/opt/hostedtoolcache/Python/3.11.15/x64/lib/python3.11/site-packages/scrapy/core/downloader/handlers/__init__.py", line 156, in download_request_async
    return await handler.download_request(request)
           ^^^^^^^^^^^^^^^^^^^^^^^^^^^^^^^^^^^^^^^
  File "/opt/hostedtoolcache/Python/3.11.15/x64/lib/python3.11/site-packages/scrapy/core/downloader/handlers/http11.py", line 128, in download_request
    with wrap_twisted_exceptions():
  File "/opt/hostedtoolcache/Python/3.11.15/x64/lib/python3.11/contextlib.py", line 158, in __exit__
    self.gen.throw(typ, value, traceback)
  File "/opt/hostedtoolcache/Python/3.11.15/x64/lib/python3.11/site-packages/scrapy/utils/_download_handlers.py", line 71, in wrap_twisted_exceptions
    raise DownloadFailedError(str(e)) from e
scrapy.exceptions.DownloadFailedError: [<twisted.python.failure.Failure twisted.internet.error.ConnectionLost: Connection to the other side was lost in a non-clean fashion: Connection lost.>]
2026-04-20 15:13:52 [scrapy.downloadermiddlewares.retry] ERROR: Gave up retrying <GET https://www.google.com/sorry/index?continue=https://blues2022.blogspot.com/&q=EgQ0oUWhGLCFmc8GIi0mvOUIZtlDUaCAK6oXRksgmZJW9H2Xh4rhGctDAT9AwE1mfRH_9pK8u7Jx6NAyAnJSWgFD> (failed 3 times): 429 Unknown Status
2026-04-20 15:13:53 [scrapy.spidermiddlewares.httperror] INFO: Ignoring response <429 https://www.google.com/sorry/index?continue=https://blues2022.blogspot.com/&q=EgQ0oUWhGLCFmc8GIi0mvOUIZtlDUaCAK6oXRksgmZJW9H2Xh4rhGctDAT9AwE1mfRH_9pK8u7Jx6NAyAnJSWgFD>: HTTP status code is not handled or not allowed
2026-04-20 15:13:53 [scrapy.downloadermiddlewares.retry] ERROR: Gave up retrying <GET https://www.yudou123.top/> (failed 3 times): [<twisted.python.failure.Failure twisted.internet.error.ConnectionLost: Connection to the other side was lost in a non-clean fashion: Connection lost.>]
2026-04-20 15:13:53 [scrapy.core.scraper] ERROR: Error downloading <GET https://www.yudou123.top/>
Traceback (most recent call last):
  File "/opt/hostedtoolcache/Python/3.11.15/x64/lib/python3.11/site-packages/scrapy/utils/_download_handlers.py", line 61, in wrap_twisted_exceptions
    yield
  File "/opt/hostedtoolcache/Python/3.11.15/x64/lib/python3.11/site-packages/scrapy/core/downloader/handlers/http11.py", line 129, in download_request
    return await maybe_deferred_to_future(agent.download_request(request))
           ^^^^^^^^^^^^^^^^^^^^^^^^^^^^^^^^^^^^^^^^^^^^^^^^^^^^^^^^^^^^^^^
twisted.web._newclient.ResponseNeverReceived: [<twisted.python.failure.Failure twisted.internet.error.ConnectionLost: Connection to the other side was lost in a non-clean fashion: Connection lost.>]

The above exception was the direct cause of the following exception:

Traceback (most recent call last):
  File "/opt/hostedtoolcache/Python/3.11.15/x64/lib/python3.11/site-packages/twisted/internet/defer.py", line 1853, in _inlineCallbacks
    result = context.run(
             ^^^^^^^^^^^^
  File "/opt/hostedtoolcache/Python/3.11.15/x64/lib/python3.11/site-packages/twisted/python/failure.py", line 467, in throwExceptionIntoGenerator
    return g.throw(self.value.with_traceback(self.tb))
           ^^^^^^^^^^^^^^^^^^^^^^^^^^^^^^^^^^^^^^^^^^^
  File "/opt/hostedtoolcache/Python/3.11.15/x64/lib/python3.11/site-packages/scrapy/core/engine.py", line 496, in _download
    result = yield self.downloader.fetch(request)
             ^^^^^^^^^^^^^^^^^^^^^^^^^^^^^^^^^^^^
  File "/opt/hostedtoolcache/Python/3.11.15/x64/lib/python3.11/site-packages/twisted/internet/defer.py", line 1853, in _inlineCallbacks
    result = context.run(
             ^^^^^^^^^^^^
  File "/opt/hostedtoolcache/Python/3.11.15/x64/lib/python3.11/site-packages/twisted/python/failure.py", line 467, in throwExceptionIntoGenerator
    return g.throw(self.value.with_traceback(self.tb))
           ^^^^^^^^^^^^^^^^^^^^^^^^^^^^^^^^^^^^^^^^^^^
  File "/opt/hostedtoolcache/Python/3.11.15/x64/lib/python3.11/site-packages/scrapy/core/downloader/__init__.py", line 132, in fetch
    yield deferred_from_coro(
  File "/opt/hostedtoolcache/Python/3.11.15/x64/lib/python3.11/site-packages/twisted/internet/defer.py", line 1257, in adapt
    extracted: _SelfResultT | Failure = result.result()
                                        ^^^^^^^^^^^^^^^
  File "/opt/hostedtoolcache/Python/3.11.15/x64/lib/python3.11/site-packages/scrapy/core/downloader/middleware.py", line 158, in download_async
    result = await process_exception(ex)
             ^^^^^^^^^^^^^^^^^^^^^^^^^^^
  File "/opt/hostedtoolcache/Python/3.11.15/x64/lib/python3.11/site-packages/scrapy/core/downloader/middleware.py", line 150, in process_exception
    raise exception
  File "/opt/hostedtoolcache/Python/3.11.15/x64/lib/python3.11/site-packages/scrapy/core/downloader/middleware.py", line 153, in download_async
    result: Response | Request = await process_request(request)
                                 ^^^^^^^^^^^^^^^^^^^^^^^^^^^^^^
  File "/opt/hostedtoolcache/Python/3.11.15/x64/lib/python3.11/site-packages/scrapy/core/downloader/middleware.py", line 97, in process_request
    return await download_func(request)
           ^^^^^^^^^^^^^^^^^^^^^^^^^^^^
  File "/opt/hostedtoolcache/Python/3.11.15/x64/lib/python3.11/site-packages/scrapy/core/downloader/__init__.py", line 189, in _enqueue_request
    return await maybe_deferred_to_future(d)  # fired in _wait_for_download()
           ^^^^^^^^^^^^^^^^^^^^^^^^^^^^^^^^^
  File "/opt/hostedtoolcache/Python/3.11.15/x64/lib/python3.11/site-packages/scrapy/core/downloader/__init__.py", line 256, in _wait_for_download
    response = await self._download(slot, request)
               ^^^^^^^^^^^^^^^^^^^^^^^^^^^^^^^^^^^
  File "/opt/hostedtoolcache/Python/3.11.15/x64/lib/python3.11/site-packages/scrapy/core/downloader/__init__.py", line 226, in _download
    response: Response = await self.handlers.download_request_async(request)
                         ^^^^^^^^^^^^^^^^^^^^^^^^^^^^^^^^^^^^^^^^^^^^^^^^^^^
  File "/opt/hostedtoolcache/Python/3.11.15/x64/lib/python3.11/site-packages/scrapy/core/downloader/handlers/__init__.py", line 156, in download_request_async
    return await handler.download_request(request)
           ^^^^^^^^^^^^^^^^^^^^^^^^^^^^^^^^^^^^^^^
  File "/opt/hostedtoolcache/Python/3.11.15/x64/lib/python3.11/site-packages/scrapy/core/downloader/handlers/http11.py", line 128, in download_request
    with wrap_twisted_exceptions():
  File "/opt/hostedtoolcache/Python/3.11.15/x64/lib/python3.11/contextlib.py", line 158, in __exit__
    self.gen.throw(typ, value, traceback)
  File "/opt/hostedtoolcache/Python/3.11.15/x64/lib/python3.11/site-packages/scrapy/utils/_download_handlers.py", line 71, in wrap_twisted_exceptions
    raise DownloadFailedError(str(e)) from e
scrapy.exceptions.DownloadFailedError: [<twisted.python.failure.Failure twisted.internet.error.ConnectionLost: Connection to the other side was lost in a non-clean fashion: Connection lost.>]
2026-04-20 15:13:53 [scrapy.core.engine] INFO: Closing spider (finished)
2026-04-20 15:13:53 [scrapy.statscollectors] INFO: Dumping Scrapy stats:
{'downloader/exception_count': 6,
 'downloader/exception_type_count/scrapy.exceptions.DownloadFailedError': 6,
 'downloader/request_bytes': 4331,
 'downloader/request_count': 12,
 'downloader/request_method_count/GET': 12,
 'downloader/response_bytes': 15585,
 'downloader/response_count': 6,
 'downloader/response_status_count/200': 1,
 'downloader/response_status_count/302': 1,
 'downloader/response_status_count/404': 1,
 'downloader/response_status_count/429': 3,
 'elapsed_time_seconds': 2.05981,
 'finish_reason': 'finished',
 'finish_time': datetime.datetime(2026, 4, 20, 15, 13, 53, 671821, tzinfo=datetime.timezone.utc),
 'httpcompression/response_bytes': 6502,
 'httpcompression/response_count': 1,
 'httperror/response_ignored_count': 1,
 'httperror/response_ignored_status_count/429': 1,
 'items_per_minute': 0.0,
 'log_count/ERROR': 5,
 'log_count/INFO': 6,
 'memusage/max': 155578368,
 'memusage/startup': 155578368,
 'response_received_count': 3,
 'responses_per_minute': 90.0,
 'retry/count': 6,
 'retry/max_reached': 3,
 'retry/reason_count/429 Unknown Status': 2,
 'retry/reason_count/scrapy.exceptions.DownloadFailedError': 4,
 "robotstxt/exception_count/<class 'scrapy.exceptions.DownloadFailedError'>": 1,
 'robotstxt/request_count': 3,
 'robotstxt/response_count': 2,
 'robotstxt/response_status_count/200': 1,
 'robotstxt/response_status_count/404': 1,
 'scheduler/dequeued': 7,
 'scheduler/dequeued/memory': 7,
 'scheduler/enqueued': 7,
 'scheduler/enqueued/memory': 7,
 'start_time': datetime.datetime(2026, 4, 20, 15, 13, 51, 612011, tzinfo=datetime.timezone.utc)}
2026-04-20 15:13:53 [scrapy.core.engine] INFO: Spider closed (finished)
